<?xml version="1.0" encoding="UTF-8"?>
<robot generator="Robot 5.0.1 (Python 3.10.5 on win32)" generated="20220824 14:44:45.567" rpa="false" schemaversion="3">
<suite id="s1" name="Consulta Petz" source="C:\Iterasys\robot_framework\133PetsRobotFramework\consulta_petz.robot">
<test id="s1-t1" name="Consulta produto" line="17">
<kw name="Dado que acesso o site como cliente">
<kw name="Open Browser" library="SeleniumLibrary">
<arg>${url}</arg>
<arg>${browser}</arg>
<doc>Opens a new browser instance to the optional ``url``.</doc>
<msg timestamp="20220824 14:44:46.143" level="INFO">Opening browser 'Chrome' to base url 'https://www.petz.com.br'.</msg>
<status status="PASS" starttime="20220824 14:44:46.135" endtime="20220824 14:44:57.897"/>
</kw>
<status status="PASS" starttime="20220824 14:44:46.135" endtime="20220824 14:44:57.897"/>
</kw>
<kw name="Quando escrevo &quot;Ração&quot; na barra de pesquisa" sourcename="Quando escrevo &quot;${termo}&quot; na barra de pesquisa">
<kw name="Set Test Variable" library="BuiltIn">
<arg>${termo}</arg>
<doc>Makes a variable available everywhere within the scope of the current test.</doc>
<msg timestamp="20220824 14:44:57.905" level="INFO">${termo} = Ração</msg>
<status status="PASS" starttime="20220824 14:44:57.905" endtime="20220824 14:44:57.905"/>
</kw>
<kw name="Input Text" library="SeleniumLibrary">
<arg>id = search</arg>
<arg>${termo}</arg>
<doc>Types the given ``text`` into the text field identified by ``locator``.</doc>
<msg timestamp="20220824 14:44:57.905" level="INFO">Typing text 'Ração' into text field 'id = search'.</msg>
<status status="PASS" starttime="20220824 14:44:57.905" endtime="20220824 14:44:58.209"/>
</kw>
<status status="PASS" starttime="20220824 14:44:57.905" endtime="20220824 14:44:58.209"/>
</kw>
<kw name="E clico no botão da lupa">
<kw name="Double Click Element" library="SeleniumLibrary">
<arg>class = button-search</arg>
<doc>Double clicks the element identified by ``locator``.</doc>
<msg timestamp="20220824 14:44:58.209" level="INFO">Double clicking element 'class = button-search'.</msg>
<status status="PASS" starttime="20220824 14:44:58.209" endtime="20220824 14:44:58.585"/>
</kw>
<status status="PASS" starttime="20220824 14:44:58.209" endtime="20220824 14:44:58.585"/>
</kw>
<kw name="Entao exibe um grid e a frase do resultado esperado">
<kw name="Element Should Contain" library="SeleniumLibrary">
<arg>css = h2Categoria.nomeCategoria</arg>
<arg>Resultado para "Ração"</arg>
<doc>Verifies that element ``locator`` contains text ``expected``.</doc>
<msg timestamp="20220824 14:45:04.099" level="INFO" html="true">&lt;/td&gt;&lt;/tr&gt;&lt;tr&gt;&lt;td colspan="3"&gt;&lt;a href="selenium-screenshot-3.png"&gt;&lt;img src="selenium-screenshot-3.png" width="800px"&gt;&lt;/a&gt;</msg>
<msg timestamp="20220824 14:45:04.099" level="FAIL">Element with locator 'css = h2Categoria.nomeCategoria' not found.</msg>
<status status="FAIL" starttime="20220824 14:44:58.585" endtime="20220824 14:45:04.099"/>
</kw>
<status status="FAIL" starttime="20220824 14:44:58.585" endtime="20220824 14:45:04.107"/>
</kw>
<kw name="fechar o browser">
<status status="NOT RUN" starttime="20220824 14:45:04.107" endtime="20220824 14:45:04.107"/>
</kw>
<tag>rapido</tag>
<status status="FAIL" starttime="20220824 14:44:46.135" endtime="20220824 14:45:04.107">Element with locator 'css = h2Categoria.nomeCategoria' not found.</status>
</test>
<doc>Consultas no site da Petz</doc>
<status status="FAIL" starttime="20220824 14:44:45.567" endtime="20220824 14:45:04.115"/>
</suite>
<statistics>
<total>
<stat pass="0" fail="1" skip="0">All Tests</stat>
</total>
<tag>
<stat pass="0" fail="1" skip="0">rapido</stat>
</tag>
<suite>
<stat pass="0" fail="1" skip="0" id="s1" name="Consulta Petz">Consulta Petz</stat>
</suite>
</statistics>
<errors>
<msg timestamp="20220824 14:44:46.127" level="ERROR">Error in file 'C:\Iterasys\robot_framework\133PetsRobotFramework\consulta_petz.robot' on line 5: Importing library 'OperationSystem' failed: ModuleNotFoundError: No module named 'OperationSystem'
Traceback (most recent call last):
  None
PYTHONPATH:
  C:\Iterasys\robot_framework\133PetsRobotFramework\venv\Scripts\robot.exe
  C:\Users\silva\OneDrive\Documentos\Python10.2\python310.zip
  C:\Users\silva\OneDrive\Documentos\Python10.2\DLLs
  C:\Users\silva\OneDrive\Documentos\Python10.2\lib
  C:\Users\silva\OneDrive\Documentos\Python10.2
  C:\Iterasys\robot_framework\133PetsRobotFramework\venv
  C:\Iterasys\robot_framework\133PetsRobotFramework\venv\lib\site-packages</msg>
</errors>
</robot>
