<?xml version="1.0" encoding="UTF-8"?>
<robot generator="Robot 5.0.1 (Python 3.10.5 on win32)" generated="20220816 16:51:46.401" rpa="false" schemaversion="3">
<suite id="s1" name="Consulta Google" source="C:\Iterasys\robot_framework\133PetsRobotFramework\consulta_google.robot">
<test id="s1-t1" name="Consulta Google" line="9">
<kw name="Acessar o Chrome na pagina &lt;https://www.google.com.br&gt;" sourcename="Acessar o ${browser} na pagina &lt;${url}&gt;">
<kw name="Open Browser" library="SeleniumLibrary">
<arg>${url} ${browser}</arg>
<doc>Opens a new browser instance to the optional ``url``.</doc>
<msg timestamp="20220816 16:51:47.230" level="INFO">Opening browser 'firefox' to base url 'https://www.google.com.br Chrome'.</msg>
<msg timestamp="20220816 16:51:47.242" level="INFO">Firefox driver log is always forced to to: C:\Iterasys\robot_framework\133PetsRobotFramework\geckodriver-1.log</msg>
<msg timestamp="20220816 16:51:47.286" level="INFO">Cannot capture screenshot because no browser is open.</msg>
<msg timestamp="20220816 16:51:47.286" level="FAIL">WebDriverException: Message: 'geckodriver' executable needs to be in PATH. 
</msg>
<status status="FAIL" starttime="20220816 16:51:47.229" endtime="20220816 16:51:47.364"/>
</kw>
<status status="FAIL" starttime="20220816 16:51:47.228" endtime="20220816 16:51:47.368"/>
</kw>
<kw name="No campo de pesquisa digitar &quot;Ovos de Páscoa&quot;" sourcename="No campo de pesquisa digitar &quot;${termo}&quot;">
<status status="NOT RUN" starttime="20220816 16:51:47.370" endtime="20220816 16:51:47.370"/>
</kw>
<kw name="Validar se aparece no titulo da guia o resultado esperado">
<status status="NOT RUN" starttime="20220816 16:51:47.371" endtime="20220816 16:51:47.371"/>
</kw>
<kw name="Fechar o browser">
<status status="NOT RUN" starttime="20220816 16:51:47.371" endtime="20220816 16:51:47.371"/>
</kw>
<tag>completo, rapido</tag>
<status status="FAIL" starttime="20220816 16:51:47.225" endtime="20220816 16:51:47.373">WebDriverException: Message: 'geckodriver' executable needs to be in PATH. 
</status>
</test>
<doc>Testes de consulta noo buscador Google
Abre o navegador e realiza a consulta
e realiza a consulta</doc>
<status status="FAIL" starttime="20220816 16:51:46.406" endtime="20220816 16:51:47.375"/>
</suite>
<statistics>
<total>
<stat pass="0" fail="1" skip="0">All Tests</stat>
</total>
<tag>
<stat pass="0" fail="1" skip="0">completo, rapido</stat>
</tag>
<suite>
<stat pass="0" fail="1" skip="0" id="s1" name="Consulta Google">Consulta Google</stat>
</suite>
</statistics>
<errors>
</errors>
</robot>
